#
# A fatal error has been detected by the Java Runtime Environment:
#
#  EXCEPTION_UNCAUGHT_CXX_EXCEPTION (0xe06d7363) at pc=0x00007ffae93b3b29, pid=584, tid=0x0000000000002448
#
# JRE version: Java(TM) SE Runtime Environment (8.0_112-b15) (build 1.8.0_112-b15)
# Java VM: Java HotSpot(TM) 64-Bit Server VM (25.112-b15 mixed mode windows-amd64 compressed oops)
# Problematic frame:
# C  [KERNELBASE.dll+0x43b29]
#
# Failed to write core dump. Minidumps are not enabled by default on client versions of Windows
#
# If you would like to submit a bug report, please visit:
#   http://bugreport.java.com/bugreport/crash.jsp
# The crash happened outside the Java Virtual Machine in native code.
# See problematic frame for where to report the bug.
#

---------------  T H R E A D  ---------------

Current thread (0x0000017a156dc000):  JavaThread "AWT-EventQueue-1" [_thread_in_native, id=9288, stack(0x00000013b0200000,0x00000013b0700000)]

siginfo: ExceptionCode=0xe06d7363, ExceptionInformation=0x0000000019930520 0x00000013b06fd450 0x00007ffaae6d65a8 0x00007ffaadcf0000 

Registers:
RAX=0x0000017a01b3285c, RBX=0x00007ffaae6d65a8, RCX=0x0000000000000000, RDX=0x0000017a0212f03c
RSP=0x00000013b06fd2e0, RBP=0x00000013b06fd420, RSI=0x0000000000000000, RDI=0x00000013b06fd450
R8 =0x0000018700000115, R9 =0x0000000700000000, R10=0x00000007039ecd10, R11=0x0000000100000115
R12=0x0000000000000000, R13=0x0000017a1e8ab968, R14=0x00000013b06fd800, R15=0x0000017a77bc4450
RIP=0x00007ffae93b3b29, EFLAGS=0x0000000000000206

Top of Stack: (sp=0x00000013b06fd2e0)
0x00000013b06fd2e0:   0000000000000000 00007ffaae6d65a8
0x00000013b06fd2f0:   0000000000000000 0000000000000000
0x00000013b06fd300:   00000001e06d7363 0000000000000000
0x00000013b06fd310:   00007ffae93b3b29 0000017a00000004
0x00000013b06fd320:   0000000019930520 00000013b06fd450
0x00000013b06fd330:   00007ffaae6d65a8 00007ffaadcf0000
0x00000013b06fd340:   0000017a1e8ab968 0000000000000000
0x00000013b06fd350:   0000000000000000 00000013b06fd420
0x00000013b06fd360:   00000013b06fd430 00007ffaeb85f41f
0x00000013b06fd370:   00000013b06fd450 0000000700000000
0x00000013b06fd380:   0000017a156dc000 00000013b06fd400
0x00000013b06fd390:   00007ffaae912000 00007ffaadcf0000
0x00000013b06fd3a0:   000058adecbfcd1e 0000000000000000
0x00000013b06fd3b0:   00007ffaae6d65a8 00007ffad6b5485d
0x00000013b06fd3c0:   0000000000000000 0000017a70fa0000
0x00000013b06fd3d0:   8800090015e277c2 0000000000000000 

Instructions: (pc=0x00007ffae93b3b29)
0x00007ffae93b3b09:   8b d1 44 0f 47 c0 44 89 44 24 38 49 c1 e0 03 e8
0x00007ffae93b3b19:   4a d3 04 00 48 8d 4c 24 20 48 ff 15 cf 44 16 00
0x00007ffae93b3b29:   0f 1f 44 00 00 48 8b 8c 24 c0 00 00 00 48 33 cc
0x00007ffae93b3b39:   e8 a2 5e 04 00 48 81 c4 d8 00 00 00 c3 83 64 24 


Register to memory mapping:

RAX=0x0000017a01b3285c is at entry_point+188 in (nmethod*)0x0000017a01b32610
RBX=0x00007ffaae6d65a8 is an unknown value
RCX=0x0000000000000000 is an unknown value
RDX=0x0000017a0212f03c is at entry_point+1148 in (nmethod*)0x0000017a0212ea10
RSP=0x00000013b06fd2e0 is pointing into the stack for thread: 0x0000017a156dc000
RBP=0x00000013b06fd420 is pointing into the stack for thread: 0x0000017a156dc000
RSI=0x0000000000000000 is an unknown value
RDI=0x00000013b06fd450 is pointing into the stack for thread: 0x0000017a156dc000
R8 =0x0000018700000115 is an unknown value
R9 =0x0000000700000000 is an oop
java.lang.String 
 - klass: 'java/lang/String'
R10=0x00000007039ecd10 is an oop
ui.views.T.j 
 - klass: 'ui/views/T/j'
R11=0x0000000100000115 is an unknown value
R12=0x0000000000000000 is an unknown value
R13={method} {0x0000017a1e8ab970} 'HWDevice_getPart' '(J)Ljava/lang/String;' in 'ui/data/labtools/lthwdatai'
R14=0x00000013b06fd800 is pointing into the stack for thread: 0x0000017a156dc000
R15=0x0000017a77bc4450 is an unknown value


Stack: [0x00000013b0200000,0x00000013b0700000],  sp=0x00000013b06fd2e0,  free space=5108k
Native frames: (J=compiled Java code, j=interpreted, Vv=VM code, C=native code)
C  [KERNELBASE.dll+0x43b29]
C  [VCRUNTIME140.dll+0x485d]
C  [librdi_common.dll+0x4d17db]
C  [MSVCP140.dll+0x18ad1]
C  [ucrtbase.dll+0x673fc]
C  [librdi_common.dll+0x6417d7]
C  [librdi_common.dll+0x119659]
C  0x00007ffa8542217d
C  0x0000017a0001925b

Java frames: (J=compiled Java code, j=interpreted, Vv=VM code)
j  ui.data.labtools.lthwdatai.HWDevice_getPart(J)Ljava/lang/String;+0
j  ui.data.labtools.d.bnn()Ljava/lang/String;+4
j  ui.b.t.ag.cVQ()V+22
j  ui.b.t.ag.at(Lui/data/bn;)V+13
j  ui.b.c.bD.av(Lui/data/bn;)V+7
j  ui.b.c.bf.av(Lui/data/bn;)V+32
j  ui.views.cG.av(Lui/data/bn;)V+5
j  ui.views.cG.display()V+107
j  ui.views.cG.fbV()V+52
j  ui.views.cG.da(Ljava/util/Collection;)V+260
j  ui.views.cG.a(Lui/views/cM;)V+116
j  ui.views.bJ.a(Lui/views/cM;)V+2
J 15347 C1 ui.data.B.a(Lui/data/ag;Lui/frmwork/b/a;)V (115 bytes) @ 0x0000017a0063a604 [0x0000017a0063a0e0+0x524]
J 15346 C1 ui.data.af.a(Lui/frmwork/b/a;)V (9 bytes) @ 0x0000017a00cc67e4 [0x0000017a00cc6740+0xa4]
J 14016 C1 ui.frmwork.b.c.g(Lui/frmwork/b/a;)V (94 bytes) @ 0x0000017a02452c34 [0x0000017a02452320+0x914]
J 16680 C1 ui.frmwork.b.c.b(Lui/frmwork/b/a;)V (64 bytes) @ 0x0000017a01cd6f9c [0x0000017a01cd65a0+0x9fc]
J 17723 C1 ui.data.design.n.arO()V (238 bytes) @ 0x0000017a02e40a6c [0x0000017a02e3e600+0x246c]
J 16637 C1 ui.data.design.o.cP()V (121 bytes) @ 0x0000017a017cc7cc [0x0000017a017cbaa0+0xd2c]
J 17727 C2 ui.utils.u.actionPerformed(Ljava/awt/event/ActionEvent;)V (156 bytes) @ 0x0000017a02e3df00 [0x0000017a02e3dea0+0x60]
J 17718 C2 ui.utils.t.fireActionPerformed(Ljava/awt/event/ActionEvent;)V (49 bytes) @ 0x0000017a00ff9f5c [0x0000017a00ff9e00+0x15c]
J 15919 C2 javax.swing.Timer$DoPostEvent.run()V (95 bytes) @ 0x0000017a01f20df4 [0x0000017a01f20c40+0x1b4]
J 11363 C2 java.awt.EventQueue$3.run()Ljava/lang/Object; (5 bytes) @ 0x0000017a00eb0044 [0x0000017a00eafd20+0x324]
v  ~StubRoutines::call_stub
J 1650  java.security.AccessController.doPrivileged(Ljava/security/PrivilegedAction;Ljava/security/AccessControlContext;)Ljava/lang/Object; (0 bytes) @ 0x0000017a005f7b66 [0x0000017a005f7b00+0x66]
J 11351 C2 ui.frmwork.b.d.dispatchEvent(Ljava/awt/AWTEvent;)V (45 bytes) @ 0x0000017a0105d110 [0x0000017a0105cd60+0x3b0]
J 14808 C2 java.awt.EventDispatchThread.pumpOneEventForFilters(I)V (295 bytes) @ 0x0000017a028865fc [0x0000017a02886220+0x3dc]
J 18275% C1 java.awt.EventDispatchThread.pumpEventsForFilter(ILjava/awt/Conditional;Ljava/awt/EventFilter;)V (47 bytes) @ 0x0000017a01d6f034 [0x0000017a01d6ece0+0x354]
j  java.awt.EventDispatchThread.pumpEventsForHierarchy(ILjava/awt/Conditional;Ljava/awt/Component;)V+11
j  java.awt.EventDispatchThread.pumpEvents(ILjava/awt/Conditional;)V+4
j  java.awt.EventDispatchThread.pumpEvents(Ljava/awt/Conditional;)V+3
j  java.awt.EventDispatchThread.run()V+9
v  ~StubRoutines::call_stub

---------------  P R O C E S S  ---------------

Java Threads: ( => current thread )
  0x0000017a18992000 JavaThread "Monitor File Timestamp Swing Worker" [_thread_blocked, id=2832, stack(0x00000013b4900000,0x00000013b4e00000)]
  0x0000017a18994800 JavaThread "Timer-3" [_thread_blocked, id=16516, stack(0x00000013b4400000,0x00000013b4900000)]
  0x0000017a18993800 JavaThread "Thread-138" [_thread_in_native, id=15584, stack(0x00000013b3800000,0x00000013b3900000)]
  0x0000017a1ad63800 JavaThread "Monitor File Timestamp Swing Worker" [_thread_blocked, id=14828, stack(0x00000013b4e00000,0x00000013b5300000)]
  0x0000017a1ad60800 JavaThread "Timer-1" [_thread_blocked, id=4408, stack(0x00000013b3e00000,0x00000013b4300000)]
  0x0000017a1ad62000 JavaThread "SyntheticaAnimation 50" daemon [_thread_blocked, id=18500, stack(0x00000013b1e00000,0x00000013b2300000)]
  0x0000017a1ad63000 JavaThread "SyntheticaAnimation 50" daemon [_thread_blocked, id=18528, stack(0x00000013af300000,0x00000013af800000)]
  0x0000017a1ad5d000 JavaThread "Thread-21" [_thread_in_native, id=10364, stack(0x00000013b3d00000,0x00000013b3e00000)]
  0x0000017a1ad61800 JavaThread "Thread-20" [_thread_in_native, id=18536, stack(0x00000013b3c00000,0x00000013b3d00000)]
  0x0000017a1ad5d800 JavaThread "hw_ila_monitor" [_thread_blocked, id=18836, stack(0x00000013b3200000,0x00000013b3700000)]
  0x0000017a1ad5f000 JavaThread "Update Runs Swing Worker" [_thread_blocked, id=14576, stack(0x00000013b2d00000,0x00000013b3200000)]
  0x0000017a153f4800 JavaThread "Refresh Filesets Swing Worker" [_thread_blocked, id=8448, stack(0x00000013b2800000,0x00000013b2d00000)]
  0x0000017a153f4000 JavaThread "SyntheticaAnimation 70" daemon [_thread_blocked, id=17604, stack(0x00000013b2300000,0x00000013b2800000)]
  0x0000017a153f3000 JavaThread "SyntheticaAnimation 25" daemon [_thread_blocked, id=13020, stack(0x00000013b1900000,0x00000013b1e00000)]
  0x0000017a153f1000 JavaThread "SyntheticaAnimation 50" daemon [_thread_blocked, id=5332, stack(0x00000013b1400000,0x00000013b1900000)]
  0x0000017a153f1800 JavaThread "Batik CleanerThread" daemon [_thread_blocked, id=16448, stack(0x00000013b0c00000,0x00000013b1100000)]
  0x0000017a153ef800 JavaThread "SyntheticaCleanerThread" daemon [_thread_blocked, id=10992, stack(0x00000013af800000,0x00000013afd00000)]
=>0x0000017a156dc000 JavaThread "AWT-EventQueue-1" [_thread_in_native, id=9288, stack(0x00000013b0200000,0x00000013b0700000)]
  0x0000017a159fb000 JavaThread "Process Messages" [_thread_blocked, id=3940, stack(0x00000013afd00000,0x00000013b0200000)]
  0x0000017a154dd800 JavaThread "Thread-3" [_thread_in_native, id=928, stack(0x00000013a9e00000,0x00000013ab200000)]
  0x0000017a7e946800 JavaThread "AWT-Windows" daemon [_thread_in_native, id=9056, stack(0x00000013aee00000,0x00000013af300000)]
  0x0000017a7e943800 JavaThread "AWT-Shutdown" [_thread_blocked, id=16512, stack(0x00000013ae900000,0x00000013aee00000)]
  0x0000017a7e94f000 JavaThread "Java2D Disposer" daemon [_thread_blocked, id=19060, stack(0x00000013ae400000,0x00000013ae900000)]
  0x0000017a7e991800 JavaThread "TimerQueue" daemon [_thread_blocked, id=15944, stack(0x00000013adf00000,0x00000013ae400000)]
  0x0000017a7e0c2000 JavaThread "Service Thread" daemon [_thread_blocked, id=7484, stack(0x00000013ad900000,0x00000013ade00000)]
  0x0000017a7e0c1800 JavaThread "C1 CompilerThread3" daemon [_thread_blocked, id=18776, stack(0x00000013ad800000,0x00000013ad900000)]
  0x0000017a7e0bf800 JavaThread "C2 CompilerThread2" daemon [_thread_blocked, id=19912, stack(0x00000013ad700000,0x00000013ad800000)]
  0x0000017a7e0b9800 JavaThread "C2 CompilerThread1" daemon [_thread_blocked, id=20276, stack(0x00000013ad600000,0x00000013ad700000)]
  0x0000017a7e0b5800 JavaThread "C2 CompilerThread0" daemon [_thread_blocked, id=14628, stack(0x00000013ad500000,0x00000013ad600000)]
  0x0000017a7e0b3800 JavaThread "Attach Listener" daemon [_thread_blocked, id=17228, stack(0x00000013ad000000,0x00000013ad500000)]
  0x0000017a7e060800 JavaThread "Signal Dispatcher" daemon [_thread_blocked, id=20456, stack(0x00000013acb00000,0x00000013ad000000)]
  0x0000017a7bddf800 JavaThread "Finalizer" daemon [_thread_blocked, id=18260, stack(0x00000013ac600000,0x00000013acb00000)]
  0x0000017a7bdba800 JavaThread "Reference Handler" daemon [_thread_blocked, id=17788, stack(0x00000013ac100000,0x00000013ac600000)]
  0x0000017a79b64000 JavaThread "main" [_thread_blocked, id=6168, stack(0x00000013ab500000,0x00000013ab600000)]

Other Threads:
  0x0000017a7bdb1800 VMThread [stack: 0x00000013ac000000,0x00000013ac100000] [id=4620]
  0x0000017a7e126800 WatcherThread [stack: 0x00000013ade00000,0x00000013adf00000] [id=13308]

VM state:not at safepoint (normal execution)

VM Mutex/Monitor currently owned by a thread: None

Heap:
 PSYoungGen      total 56320K, used 13203K [0x00000007bc400000, 0x00000007c0000000, 0x00000007c0000000)
  eden space 51200K, 20% used [0x00000007bc400000,0x00000007bce11528,0x00000007bf600000)
  from space 5120K, 56% used [0x00000007bfb00000,0x00000007bfdd37b8,0x00000007c0000000)
  to   space 5120K, 0% used [0x00000007bf600000,0x00000007bf600000,0x00000007bfb00000)
 ParOldGen       total 221184K, used 61061K [0x0000000700000000, 0x000000070d800000, 0x00000007bc400000)
  object space 221184K, 27% used [0x0000000700000000,0x0000000703ba1488,0x000000070d800000)
 Metaspace       used 73203K, capacity 73955K, committed 74624K, reserved 1114112K
  class space    used 9908K, capacity 10063K, committed 10112K, reserved 1048576K

Card table byte_map: [0x0000017a7a020000,0x0000017a7a630000] byte_map_base: 0x0000017a76820000

Marking Bits: (ParMarkBitMap*) 0x0000000050b5a6d0
 Begin Bits: [0x0000017a0f000000, 0x0000017a12000000)
 End Bits:   [0x0000017a12000000, 0x0000017a15000000)

Polling page: 0x0000017a72a30000

CodeCache: size=245760Kb used=54982Kb max_used=55415Kb free=190777Kb
 bounds [0x0000017a00000000, 0x0000017a036a0000, 0x0000017a0f000000]
 total_blobs=15294 nmethods=14345 adapters=852
 compilation: enabled

Compilation events (10 events):
Event: 972.859 Thread 0x0000017a7e0c1800 nmethod 18771 0x0000017a024da290 code [0x0000017a024da420, 0x0000017a024da740]
Event: 972.860 Thread 0x0000017a7e0c1800 18772       3       ui.data.experiment.t::getName (8 bytes)
Event: 972.860 Thread 0x0000017a7e0c1800 nmethod 18772 0x0000017a00cd8350 code [0x0000017a00cd84c0, 0x0000017a00cd8650]
Event: 973.078 Thread 0x0000017a7e0b9800 18773   !   4       java.awt.Container::removeAll (223 bytes)
Event: 973.079 Thread 0x0000017a7e0bf800 18774       4       ui.utils.o.x.i::m (48 bytes)
Event: 973.079 Thread 0x0000017a7e0c1800 18775       3       ui.utils.o.u.j::stateChanged (15 bytes)
Event: 973.079 Thread 0x0000017a7e0c1800 nmethod 18775 0x0000017a01e46790 code [0x0000017a01e46900, 0x0000017a01e46cf8]
Event: 973.080 Thread 0x0000017a7e0c1800 18776       3       ui.utils.o.u.i::zG (1 bytes)
Event: 973.080 Thread 0x0000017a7e0c1800 nmethod 18776 0x0000017a00686550 code [0x0000017a006866a0, 0x0000017a006867f8]
Event: 973.080 Thread 0x0000017a7e0bf800 nmethod 18774 0x0000017a02402a90 code [0x0000017a02402be0, 0x0000017a02402d38]

GC Heap History (10 events):
Event: 964.225 GC heap before
{Heap before GC invocations=166 (full 12):
 PSYoungGen      total 55296K, used 2017K [0x00000007bc400000, 0x00000007c0000000, 0x00000007c0000000)
  eden space 49152K, 0% used [0x00000007bc400000,0x00000007bc400000,0x00000007bf400000)
  from space 6144K, 32% used [0x00000007bfa00000,0x00000007bfbf8760,0x00000007c0000000)
  to   space 6144K, 0% used [0x00000007bf400000,0x00000007bf400000,0x00000007bfa00000)
 ParOldGen       total 221184K, used 61603K [0x0000000700000000, 0x000000070d800000, 0x00000007bc400000)
  object space 221184K, 27% used [0x0000000700000000,0x0000000703c28c90,0x000000070d800000)
 Metaspace       used 73096K, capacity 73827K, committed 74368K, reserved 1114112K
  class space    used 9896K, capacity 10063K, committed 10112K, reserved 1048576K
Event: 964.416 GC heap after
Heap after GC invocations=166 (full 12):
 PSYoungGen      total 55296K, used 0K [0x00000007bc400000, 0x00000007c0000000, 0x00000007c0000000)
  eden space 49152K, 0% used [0x00000007bc400000,0x00000007bc400000,0x00000007bf400000)
  from space 6144K, 0% used [0x00000007bfa00000,0x00000007bfa00000,0x00000007c0000000)
  to   space 6144K, 0% used [0x00000007bf400000,0x00000007bf400000,0x00000007bfa00000)
 ParOldGen       total 221184K, used 61053K [0x0000000700000000, 0x000000070d800000, 0x00000007bc400000)
  object space 221184K, 27% used [0x0000000700000000,0x0000000703b9f488,0x000000070d800000)
 Metaspace       used 73096K, capacity 73827K, committed 74368K, reserved 1114112K
  class space    used 9896K, capacity 10063K, committed 10112K, reserved 1048576K
}
Event: 965.172 GC heap before
{Heap before GC invocations=167 (full 12):
 PSYoungGen      total 55296K, used 49152K [0x00000007bc400000, 0x00000007c0000000, 0x00000007c0000000)
  eden space 49152K, 100% used [0x00000007bc400000,0x00000007bf400000,0x00000007bf400000)
  from space 6144K, 0% used [0x00000007bfa00000,0x00000007bfa00000,0x00000007c0000000)
  to   space 6144K, 0% used [0x00000007bf400000,0x00000007bf400000,0x00000007bfa00000)
 ParOldGen       total 221184K, used 61053K [0x0000000700000000, 0x000000070d800000, 0x00000007bc400000)
  object space 221184K, 27% used [0x0000000700000000,0x0000000703b9f488,0x000000070d800000)
 Metaspace       used 73118K, capacity 73827K, committed 74368K, reserved 1114112K
  class space    used 9902K, capacity 10063K, committed 10112K, reserved 1048576K
Event: 965.175 GC heap after
Heap after GC invocations=167 (full 12):
 PSYoungGen      total 55296K, used 2897K [0x00000007bc400000, 0x00000007c0000000, 0x00000007c0000000)
  eden space 49152K, 0% used [0x00000007bc400000,0x00000007bc400000,0x00000007bf400000)
  from space 6144K, 47% used [0x00000007bf400000,0x00000007bf6d4650,0x00000007bfa00000)
  to   space 5632K, 0% used [0x00000007bfa80000,0x00000007bfa80000,0x00000007c0000000)
 ParOldGen       total 221184K, used 61053K [0x0000000700000000, 0x000000070d800000, 0x00000007bc400000)
  object space 221184K, 27% used [0x0000000700000000,0x0000000703b9f488,0x000000070d800000)
 Metaspace       used 73118K, capacity 73827K, committed 74368K, reserved 1114112K
  class space    used 9902K, capacity 10063K, committed 10112K, reserved 1048576K
}
Event: 965.610 GC heap before
{Heap before GC invocations=168 (full 12):
 PSYoungGen      total 55296K, used 52049K [0x00000007bc400000, 0x00000007c0000000, 0x00000007c0000000)
  eden space 49152K, 100% used [0x00000007bc400000,0x00000007bf400000,0x00000007bf400000)
  from space 6144K, 47% used [0x00000007bf400000,0x00000007bf6d4650,0x00000007bfa00000)
  to   space 5632K, 0% used [0x00000007bfa80000,0x00000007bfa80000,0x00000007c0000000)
 ParOldGen       total 221184K, used 61053K [0x0000000700000000, 0x000000070d800000, 0x00000007bc400000)
  object space 221184K, 27% used [0x0000000700000000,0x0000000703b9f488,0x000000070d800000)
 Metaspace       used 73118K, capacity 73827K, committed 74368K, reserved 1114112K
  class space    used 9902K, capacity 10063K, committed 10112K, reserved 1048576K
Event: 965.614 GC heap after
Heap after GC invocations=168 (full 12):
 PSYoungGen      total 55808K, used 1669K [0x00000007bc400000, 0x00000007c0000000, 0x00000007c0000000)
  eden space 50176K, 0% used [0x00000007bc400000,0x00000007bc400000,0x00000007bf500000)
  from space 5632K, 29% used [0x00000007bfa80000,0x00000007bfc21770,0x00000007c0000000)
  to   space 5632K, 0% used [0x00000007bf500000,0x00000007bf500000,0x00000007bfa80000)
 ParOldGen       total 221184K, used 61053K [0x0000000700000000, 0x000000070d800000, 0x00000007bc400000)
  object space 221184K, 27% used [0x0000000700000000,0x0000000703b9f488,0x000000070d800000)
 Metaspace       used 73118K, capacity 73827K, committed 74368K, reserved 1114112K
  class space    used 9902K, capacity 10063K, committed 10112K, reserved 1048576K
}
Event: 969.863 GC heap before
{Heap before GC invocations=169 (full 12):
 PSYoungGen      total 55808K, used 51845K [0x00000007bc400000, 0x00000007c0000000, 0x00000007c0000000)
  eden space 50176K, 100% used [0x00000007bc400000,0x00000007bf500000,0x00000007bf500000)
  from space 5632K, 29% used [0x00000007bfa80000,0x00000007bfc21770,0x00000007c0000000)
  to   space 5632K, 0% used [0x00000007bf500000,0x00000007bf500000,0x00000007bfa80000)
 ParOldGen       total 221184K, used 61053K [0x0000000700000000, 0x000000070d800000, 0x00000007bc400000)
  object space 221184K, 27% used [0x0000000700000000,0x0000000703b9f488,0x000000070d800000)
 Metaspace       used 73177K, capacity 73891K, committed 74624K, reserved 1114112K
  class space    used 9908K, capacity 10063K, committed 10112K, reserved 1048576K
Event: 969.867 GC heap after
Heap after GC invocations=169 (full 12):
 PSYoungGen      total 55808K, used 2792K [0x00000007bc400000, 0x00000007c0000000, 0x00000007c0000000)
  eden space 50176K, 0% used [0x00000007bc400000,0x00000007bc400000,0x00000007bf500000)
  from space 5632K, 49% used [0x00000007bf500000,0x00000007bf7ba230,0x00000007bfa80000)
  to   space 5120K, 0% used [0x00000007bfb00000,0x00000007bfb00000,0x00000007c0000000)
 ParOldGen       total 221184K, used 61053K [0x0000000700000000, 0x000000070d800000, 0x00000007bc400000)
  object space 221184K, 27% used [0x0000000700000000,0x0000000703b9f488,0x000000070d800000)
 Metaspace       used 73177K, capacity 73891K, committed 74624K, reserved 1114112K
  class space    used 9908K, capacity 10063K, committed 10112K, reserved 1048576K
}
Event: 972.363 GC heap before
{Heap before GC invocations=170 (full 12):
 PSYoungGen      total 55808K, used 52968K [0x00000007bc400000, 0x00000007c0000000, 0x00000007c0000000)
  eden space 50176K, 100% used [0x00000007bc400000,0x00000007bf500000,0x00000007bf500000)
  from space 5632K, 49% used [0x00000007bf500000,0x00000007bf7ba230,0x00000007bfa80000)
  to   space 5120K, 0% used [0x00000007bfb00000,0x00000007bfb00000,0x00000007c0000000)
 ParOldGen       total 221184K, used 61053K [0x0000000700000000, 0x000000070d800000, 0x00000007bc400000)
  object space 221184K, 27% used [0x0000000700000000,0x0000000703b9f488,0x000000070d800000)
 Metaspace       used 73201K, capacity 73955K, committed 74624K, reserved 1114112K
  class space    used 9908K, capacity 10063K, committed 10112K, reserved 1048576K
Event: 972.367 GC heap after
Heap after GC invocations=170 (full 12):
 PSYoungGen      total 56320K, used 2893K [0x00000007bc400000, 0x00000007c0000000, 0x00000007c0000000)
  eden space 51200K, 0% used [0x00000007bc400000,0x00000007bc400000,0x00000007bf600000)
  from space 5120K, 56% used [0x00000007bfb00000,0x00000007bfdd37b8,0x00000007c0000000)
  to   space 5120K, 0% used [0x00000007bf600000,0x00000007bf600000,0x00000007bfb00000)
 ParOldGen       total 221184K, used 61061K [0x0000000700000000, 0x000000070d800000, 0x00000007bc400000)
  object space 221184K, 27% used [0x0000000700000000,0x0000000703ba1488,0x000000070d800000)
 Metaspace       used 73201K, capacity 73955K, committed 74624K, reserved 1114112K
  class space    used 9908K, capacity 10063K, committed 10112K, reserved 1048576K
}

Deoptimization events (10 events):
Event: 968.860 Thread 0x0000017a156dc000 Uncommon trap: reason=bimorphic action=maybe_recompile pc=0x0000017a02ff0624 method=java.awt.LightweightDispatcher.eventDispatched(Ljava/awt/AWTEvent;)V @ 247
Event: 968.866 Thread 0x0000017a156dc000 Uncommon trap: reason=bimorphic action=maybe_recompile pc=0x0000017a02ff0624 method=java.awt.LightweightDispatcher.eventDispatched(Ljava/awt/AWTEvent;)V @ 247
Event: 968.874 Thread 0x0000017a156dc000 Uncommon trap: reason=bimorphic action=maybe_recompile pc=0x0000017a02ff0624 method=java.awt.LightweightDispatcher.eventDispatched(Ljava/awt/AWTEvent;)V @ 247
Event: 968.881 Thread 0x0000017a156dc000 Uncommon trap: reason=bimorphic action=maybe_recompile pc=0x0000017a02ff0624 method=java.awt.LightweightDispatcher.eventDispatched(Ljava/awt/AWTEvent;)V @ 247
Event: 968.895 Thread 0x0000017a156dc000 Uncommon trap: reason=unstable_if action=reinterpret pc=0x0000017a030c4f2c method=javax.swing.plaf.synth.SynthButtonUI.getComponentState(Ljavax/swing/JComponent;)I @ 53
Event: 970.319 Thread 0x0000017a156dc000 Uncommon trap: reason=class_check action=maybe_recompile pc=0x0000017a015524c0 method=com.jidesoft.editor.CodeEditorPainter.paintLine(Ljava/awt/Graphics;Lcom/jidesoft/editor/tokenmarker/TokenMarker;IILcom/jidesoft/editor/caret/CaretPosition;Lcom/jidesoft/
Event: 970.334 Thread 0x0000017a156dc000 Uncommon trap: reason=class_check action=maybe_recompile pc=0x0000017a015524c0 method=com.jidesoft.editor.CodeEditorPainter.paintLine(Ljava/awt/Graphics;Lcom/jidesoft/editor/tokenmarker/TokenMarker;IILcom/jidesoft/editor/caret/CaretPosition;Lcom/jidesoft/
Event: 970.341 Thread 0x0000017a156dc000 Uncommon trap: reason=class_check action=maybe_recompile pc=0x0000017a015524c0 method=com.jidesoft.editor.CodeEditorPainter.paintLine(Ljava/awt/Graphics;Lcom/jidesoft/editor/tokenmarker/TokenMarker;IILcom/jidesoft/editor/caret/CaretPosition;Lcom/jidesoft/
Event: 971.493 Thread 0x0000017a156dc000 Uncommon trap: reason=class_check action=maybe_recompile pc=0x0000017a015524c0 method=com.jidesoft.editor.CodeEditorPainter.paintLine(Ljava/awt/Graphics;Lcom/jidesoft/editor/tokenmarker/TokenMarker;IILcom/jidesoft/editor/caret/CaretPosition;Lcom/jidesoft/
Event: 972.705 Thread 0x0000017a156dc000 Uncommon trap: reason=class_check action=maybe_recompile pc=0x0000017a033df5ac method=java.awt.Component.dispatchEventImpl(Ljava/awt/AWTEvent;)V @ 409

Internal exceptions (10 events):
Event: 647.049 Thread 0x0000017a18990000 Exception <a 'java/lang/InterruptedException': sleep interrupted> (0x00000007be14d468) thrown at [C:\re\workspace\8-2-build-windows-amd64-cygwin\jdk8u112\7884\hotspot\src\share\vm\prims\jvm.cpp, line 3180]
Event: 689.604 Thread 0x0000017a1898f000 Exception <a 'java/lang/InterruptedException': sleep interrupted> (0x00000007bdcdedd8) thrown at [C:\re\workspace\8-2-build-windows-amd64-cygwin\jdk8u112\7884\hotspot\src\share\vm\prims\jvm.cpp, line 3180]
Event: 704.611 Thread 0x0000017a18994800 Exception <a 'ui/frmwork/CommandFailedException'> (0x00000007bc62e888) thrown at [C:\re\workspace\8-2-build-windows-amd64-cygwin\jdk8u112\7884\hotspot\src\share\vm\prims\jni.cpp, line 709]
Event: 704.631 Thread 0x0000017a156dc000 Implicit null exception at 0x0000017a01b0f097 to 0x0000017a01b0fced
Event: 705.251 Thread 0x0000017a156dc000 Implicit null exception at 0x0000017a021bf0d0 to 0x0000017a021bf150
Event: 859.229 Thread 0x0000017a156dc000 Implicit null exception at 0x0000017a024104ac to 0x0000017a02410539
Event: 964.830 Thread 0x0000017a18991800 Exception <a 'ui/frmwork/CommandFailedException'> (0x00000007bc510130) thrown at [C:\re\workspace\8-2-build-windows-amd64-cygwin\jdk8u112\7884\hotspot\src\share\vm\prims\jni.cpp, line 709]
Event: 969.813 Thread 0x0000017a156dc000 Exception <a 'java/io/FileNotFoundException'> (0x00000007bf270928) thrown at [C:\re\workspace\8-2-build-windows-amd64-cygwin\jdk8u112\7884\hotspot\src\share\vm\prims\jni.cpp, line 709]
Event: 969.850 Thread 0x0000017a156dc000 Exception <a 'java/io/FileNotFoundException'> (0x00000007bf32a408) thrown at [C:\re\workspace\8-2-build-windows-amd64-cygwin\jdk8u112\7884\hotspot\src\share\vm\prims\jni.cpp, line 709]
Event: 972.185 Thread 0x0000017a156dc000 Exception <a 'java/io/FileNotFoundException'> (0x00000007bdb0eb90) thrown at [C:\re\workspace\8-2-build-windows-amd64-cygwin\jdk8u112\7884\hotspot\src\share\vm\prims\jni.cpp, line 709]

Events (10 events):
Event: 972.705 Thread 0x0000017a156dc000 DEOPT PACKING pc=0x0000017a033df5ac sp=0x00000013b06fd2a0
Event: 972.705 Thread 0x0000017a156dc000 DEOPT UNPACKING pc=0x0000017a00045832 sp=0x00000013b06fd288 mode 2
Event: 972.857 Thread 0x0000017a7e0bf800 flushing nmethod 0x0000017a0250e3d0
Event: 972.857 Thread 0x0000017a7e0bf800 flushing nmethod 0x0000017a02515290
Event: 972.857 Thread 0x0000017a7e0bf800 flushing nmethod 0x0000017a0251a350
Event: 972.857 Thread 0x0000017a7e0bf800 flushing nmethod 0x0000017a025c83d0
Event: 972.857 Thread 0x0000017a7e0bf800 flushing nmethod 0x0000017a025d96d0
Event: 972.859 Thread 0x0000017a7e0c1800 flushing nmethod 0x0000017a02d31e50
Event: 972.861 Thread 0x0000017a7e0c1800 flushing nmethod 0x0000017a03381f50
Event: 972.861 Thread 0x0000017a7e0c1800 flushing nmethod 0x0000017a034eea50


Dynamic libraries:
0x00007ff6c0290000 - 0x00007ff6c02c0000 	F:\sdad\Vivado\2017.4\bin\unwrapped\win64.o\vivado.exe
0x00007ffaeb840000 - 0x00007ffaeba30000 	C:\WINDOWS\SYSTEM32\ntdll.dll
0x00007ffae9a90000 - 0x00007ffae9b42000 	C:\WINDOWS\System32\KERNEL32.DLL
0x00007ffae9370000 - 0x00007ffae9615000 	C:\WINDOWS\System32\KERNELBASE.dll
0x00007ffae9210000 - 0x00007ffae930a000 	C:\WINDOWS\System32\ucrtbase.dll
0x00007ffae0610000 - 0x00007ffae0624000 	F:\sdad\Vivado\2017.4\lib\win64.o\libboost_signals.dll
0x00007ffaadcf0000 - 0x00007ffaae996000 	F:\sdad\Vivado\2017.4\lib\win64.o\librdi_common.dll
0x00007ffae98f0000 - 0x00007ffae9a84000 	C:\WINDOWS\System32\USER32.dll
0x00007ffae9340000 - 0x00007ffae9361000 	C:\WINDOWS\System32\win32u.dll
0x00007ffaea8b0000 - 0x00007ffaea8d6000 	C:\WINDOWS\System32\GDI32.dll
0x00007ffae9750000 - 0x00007ffae98e6000 	C:\WINDOWS\System32\gdi32full.dll
0x00007ffae87c0000 - 0x00007ffae885e000 	C:\WINDOWS\System32\msvcp_win.dll
0x00007ffaea270000 - 0x00007ffaea313000 	C:\WINDOWS\System32\ADVAPI32.dll
0x00007ffaeb000000 - 0x00007ffaeb09e000 	C:\WINDOWS\System32\msvcrt.dll
0x00007ffaea650000 - 0x00007ffaea6e7000 	C:\WINDOWS\System32\sechost.dll
0x00007ffae9f30000 - 0x00007ffaea050000 	C:\WINDOWS\System32\RPCRT4.dll
0x00007ffaeb0a0000 - 0x00007ffaeb787000 	C:\WINDOWS\System32\SHELL32.dll
0x00007ffae9010000 - 0x00007ffae905a000 	C:\WINDOWS\System32\cfgmgr32.dll
0x00007ffaea8e0000 - 0x00007ffaea989000 	C:\WINDOWS\System32\shcore.dll
0x00007ffae9b50000 - 0x00007ffae9e85000 	C:\WINDOWS\System32\combase.dll
0x00007ffae9620000 - 0x00007ffae96a0000 	C:\WINDOWS\System32\bcryptPrimitives.dll
0x00007ffae8880000 - 0x00007ffae9001000 	C:\WINDOWS\System32\windows.storage.dll
0x00007ffac1c50000 - 0x00007ffac1ceb000 	C:\WINDOWS\SYSTEM32\MSVCP140.dll
0x00007ffae8750000 - 0x00007ffae8773000 	C:\WINDOWS\System32\profapi.dll
0x00007ffad6b50000 - 0x00007ffad6b65000 	C:\WINDOWS\SYSTEM32\VCRUNTIME140.dll
0x00007ffae05f0000 - 0x00007ffae0604000 	F:\sdad\Vivado\2017.4\lib\win64.o\librdi_commonmain.dll
0x00007ffae8700000 - 0x00007ffae874a000 	C:\WINDOWS\System32\powrprof.dll
0x00007ffae86f0000 - 0x00007ffae8700000 	C:\WINDOWS\System32\UMPDC.dll
0x00007ffaea050000 - 0x00007ffaea0a2000 	C:\WINDOWS\System32\shlwapi.dll
0x00007ffae8780000 - 0x00007ffae8791000 	C:\WINDOWS\System32\kernel.appcore.dll
0x00007ffae8860000 - 0x00007ffae8877000 	C:\WINDOWS\System32\cryptsp.dll
0x00007ffac1000000 - 0x00007ffac136e000 	F:\sdad\Vivado\2017.4\lib\win64.o\libCOIN-all.dll
0x00007ffaada30000 - 0x00007ffaadce5000 	F:\sdad\Vivado\2017.4\lib\win64.o\libXil_lmgr11.dll
0x00007ffaeaf30000 - 0x00007ffaeb000000 	C:\WINDOWS\System32\COMDLG32.dll
0x00007ffae04a0000 - 0x00007ffae04c6000 	F:\sdad\Vivado\2017.4\lib\win64.o\libboost_filesystem.dll
0x00007ffadfec0000 - 0x00007ffadfed4000 	F:\sdad\Vivado\2017.4\lib\win64.o\libboost_date_time.dll
0x00007ffac0f80000 - 0x00007ffac0fff000 	F:\sdad\Vivado\2017.4\lib\win64.o\libboost_program_options.dll
0x00007ffaea990000 - 0x00007ffaeaa55000 	C:\WINDOWS\System32\OLEAUT32.dll
0x00007ffaea320000 - 0x00007ffaea477000 	C:\WINDOWS\System32\ole32.dll
0x00007ffaeb790000 - 0x00007ffaeb7ff000 	C:\WINDOWS\System32\WS2_32.dll
0x00007ffae9060000 - 0x00007ffae90bc000 	C:\WINDOWS\System32\WINTRUST.dll
0x00007ffae87a0000 - 0x00007ffae87b2000 	C:\WINDOWS\System32\MSASN1.dll
0x00007ffac0e60000 - 0x00007ffac0f74000 	F:\sdad\Vivado\2017.4\lib\win64.o\libboost_regex.dll
0x00007ffae2e80000 - 0x00007ffae2e8b000 	F:\sdad\Vivado\2017.4\lib\win64.o\libboost_system.dll
0x00007ffae90c0000 - 0x00007ffae9209000 	C:\WINDOWS\System32\CRYPT32.dll
0x00007ffadfe90000 - 0x00007ffadfeb1000 	F:\sdad\Vivado\2017.4\lib\win64.o\libboost_thread.dll
0x00007ffae0490000 - 0x00007ffae049f000 	F:\sdad\Vivado\2017.4\lib\win64.o\libboost_xilinx.dll
0x00007ffac0a40000 - 0x00007ffac0ac2000 	F:\sdad\Vivado\2017.4\lib\win64.o\libhdlpsolve.dll
0x00007ffac0990000 - 0x00007ffac0a35000 	F:\sdad\Vivado\2017.4\lib\win64.o\libhdxml.dll
0x00007ffad0930000 - 0x00007ffad095e000 	F:\sdad\Vivado\2017.4\lib\win64.o\libisl_sysinfo.dll
0x00007ffac0df0000 - 0x00007ffac0e55000 	F:\sdad\Vivado\2017.4\lib\win64.o\liblmx6.0.dll
0x00007ffadec90000 - 0x00007ffadeca5000 	F:\sdad\Vivado\2017.4\lib\win64.o\pthreadVC2.dll
0x00007ffaad440000 - 0x00007ffaada2b400 	F:\sdad\Vivado\2017.4\lib\win64.o\libisl_iostreams.dll
0x00007ffac0890000 - 0x00007ffac0990000 	F:\sdad\Vivado\2017.4\lib\win64.o\librdi_commonxillic.dll
0x00007ffab7a20000 - 0x00007ffab7b71000 	F:\sdad\Vivado\2017.4\lib\win64.o\librdi_curl.dll
0x0000000050340000 - 0x0000000050bda000 	F:\sdad\Vivado\2017.4\tps\win64\jre\bin\server\jvm.dll
0x00007ffad4c60000 - 0x00007ffad4c7c000 	F:\sdad\Vivado\2017.4\lib\win64.o\librdiconfig.dll
0x00007ffacc9d0000 - 0x00007ffacc9f1000 	F:\sdad\Vivado\2017.4\lib\win64.o\librdizlib.dll
0x0000000050210000 - 0x000000005033b000 	F:\sdad\Vivado\2017.4\lib\win64.o\tcl85t.dll
0x0000000012000000 - 0x0000000012272000 	F:\sdad\Vivado\2017.4\lib\win64.o\xerces-c_3_1.dll
0x00007ffaea6f0000 - 0x00007ffaea6f8000 	C:\WINDOWS\System32\PSAPI.DLL
0x00007ffad6e70000 - 0x00007ffad7345000 	C:\WINDOWS\SYSTEM32\WININET.dll
0x00007ffae0e10000 - 0x00007ffae0f00000 	C:\WINDOWS\SYSTEM32\WINHTTP.dll
0x00007ffad2460000 - 0x00007ffad2636000 	C:\WINDOWS\SYSTEM32\urlmon.dll
0x00007ffadfe80000 - 0x00007ffadfe8a000 	F:\sdad\Vivado\2017.4\lib\win64.o\librdi_commonversion.dll
0x00007ffaaa770000 - 0x00007ffaab601000 	F:\sdad\Vivado\2017.4\lib\win64.o\gurobi65.dll
0x00007ffad7760000 - 0x00007ffad7769000 	C:\WINDOWS\SYSTEM32\WSOCK32.dll
0x00007ffacbf30000 - 0x00007ffacbf57000 	C:\WINDOWS\SYSTEM32\VCOMP140.DLL
0x00007ffadbee0000 - 0x00007ffadbef7000 	C:\WINDOWS\SYSTEM32\NETAPI32.dll
0x00007ffadc120000 - 0x00007ffadc1c9000 	C:\WINDOWS\WinSxS\amd64_microsoft.windows.common-controls_6595b64144ccf1df_5.82.18362.1198_none_73b37520d815d61e\COMCTL32.dll
0x00007ffadebf0000 - 0x00007ffadec0c000 	C:\WINDOWS\SYSTEM32\dhcpcsvc.DLL
0x00007ffaea260000 - 0x00007ffaea268000 	C:\WINDOWS\System32\NSI.dll
0x00007ffadfe50000 - 0x00007ffadfe5d000 	F:\sdad\Vivado\2017.4\lib\win64.o\libboost_chrono.dll
0x00007ffabe7c0000 - 0x00007ffabe894000 	C:\WINDOWS\SYSTEM32\MSVCR110.dll
0x00007ffacdb20000 - 0x00007ffacdb3b000 	F:\sdad\Vivado\2017.4\lib\win64.o\libboost_iostreams.dll
0x00007ffacbdc0000 - 0x00007ffacbde5000 	F:\sdad\Vivado\2017.4\lib\win64.o\libisl_iosutils.dll
0x00007ffae5e40000 - 0x00007ffae5e64000 	C:\WINDOWS\SYSTEM32\WINMM.dll
0x00007ffadf1d0000 - 0x00007ffadf1da000 	C:\WINDOWS\SYSTEM32\VERSION.dll
0x00007ffad21b0000 - 0x00007ffad2457000 	C:\WINDOWS\SYSTEM32\iertutil.dll
0x0000000050000000 - 0x00000000500d2000 	C:\WINDOWS\SYSTEM32\MSVCR100.dll
0x00007ffae59b0000 - 0x00007ffae59dd000 	C:\WINDOWS\SYSTEM32\WINMMBASE.dll
0x00007ffae80b0000 - 0x00007ffae80bc000 	C:\WINDOWS\SYSTEM32\CRYPTBASE.DLL
0x00007ffaea620000 - 0x00007ffaea64e000 	C:\WINDOWS\System32\IMM32.DLL
0x00007ffaacfb0000 - 0x00007ffaad43a000 	F:\sdad\Vivado\2017.4\lib\win64.o\librdi_commontasks.dll
0x00007ffaacd70000 - 0x00007ffaacfaf000 	F:\sdad\Vivado\2017.4\lib\win64.o\librdi_sio.dll
0x00007ffae7bf0000 - 0x00007ffae7c2a000 	C:\WINDOWS\SYSTEM32\IPHLPAPI.DLL
0x00007ffaa7a70000 - 0x00007ffaa9bd5000 	F:\sdad\Vivado\2017.4\lib\win64.o\librdi_tcltasks.dll
0x00007ffaac490000 - 0x00007ffaac7f6000 	F:\sdad\Vivado\2017.4\lib\win64.o\librdi_bitstream.dll
0x00007ffaacb20000 - 0x00007ffaacd66000 	F:\sdad\Vivado\2017.4\lib\win64.o\librdi_chipscope.dll
0x00007ffabb7e0000 - 0x00007ffabb84a000 	F:\sdad\Vivado\2017.4\lib\win64.o\librdi_boarddep.dll
0x00007ffaaa5f0000 - 0x00007ffaaa769000 	F:\sdad\Vivado\2017.4\lib\win64.o\librdi_board.dll
0x00007ffaa6360000 - 0x00007ffaa7a6b000 	F:\sdad\Vivado\2017.4\lib\win64.o\librdi_constraints.dll
0x00007ffabb550000 - 0x00007ffabb678000 	F:\sdad\Vivado\2017.4\lib\win64.o\librdi_containers.dll
0x00007ffaa2c70000 - 0x00007ffaa3347000 	F:\sdad\Vivado\2017.4\lib\win64.o\librdi_coregenipxact.dll
0x00007ffaa3350000 - 0x00007ffaa635e000 	F:\sdad\Vivado\2017.4\lib\win64.o\librdi_coregen.dll
0x00007ffa9f0f0000 - 0x00007ffaa2c66000 	F:\sdad\Vivado\2017.4\lib\win64.o\librdi_designutils.dll
0x00007ffaaa370000 - 0x00007ffaaa5e5000 	F:\sdad\Vivado\2017.4\lib\win64.o\librdi_dlyest.dll
0x00007ffab69e0000 - 0x00007ffab6aae000 	F:\sdad\Vivado\2017.4\lib\win64.o\librdi_dsp.dll
0x00007ffa92410000 - 0x00007ffa92b48000 	F:\sdad\Vivado\2017.4\lib\win64.o\librdi_drc.dll
0x00007ffa92b50000 - 0x00007ffa9f0e2000 	F:\sdad\Vivado\2017.4\lib\win64.o\librdi_device.dll
0x00007ffa91e60000 - 0x00007ffa92410000 	F:\sdad\Vivado\2017.4\lib\win64.o\librdi_filemgmt.dll
0x00007ffaaa0f0000 - 0x00007ffaaa36b000 	F:\sdad\Vivado\2017.4\lib\win64.o\librdi_guitools.dll
0x00007ffab9520000 - 0x00007ffab9578000 	F:\sdad\Vivado\2017.4\lib\win64.o\librdi_hdf.dll
0x00007ffa90990000 - 0x00007ffa90f87000 	F:\sdad\Vivado\2017.4\lib\win64.o\librdi_memdata.dll
0x00007ffa90f90000 - 0x00007ffa91e59000 	F:\sdad\Vivado\2017.4\lib\win64.o\librdi_implflow.dll
0x00007ffa8d040000 - 0x00007ffa8d4d3000 	F:\sdad\Vivado\2017.4\lib\win64.o\librdi_netlist.dll
0x00007ffab94d0000 - 0x00007ffab9517000 	F:\sdad\Vivado\2017.4\lib\win64.o\librdi_pfi.dll
0x00007ffa8ad60000 - 0x00007ffa8af8b000 	F:\sdad\Vivado\2017.4\lib\win64.o\librdi_platform.dll
0x00007ffa8a6d0000 - 0x00007ffa8ad5e000 	F:\sdad\Vivado\2017.4\lib\win64.o\librdi_power.dll
0x00007ffa8a170000 - 0x00007ffa8a6c4000 	F:\sdad\Vivado\2017.4\lib\win64.o\librdi_project.dll
0x00007ffa89b00000 - 0x00007ffa8a16d000 	F:\sdad\Vivado\2017.4\lib\win64.o\librdi_psta.dll
0x00007ffa89360000 - 0x00007ffa89af7000 	F:\sdad\Vivado\2017.4\lib\win64.o\librdi_rsb.dll
0x00007ffa88f80000 - 0x00007ffa89359000 	F:\sdad\Vivado\2017.4\lib\win64.o\librdi_runs.dll
0x00007ffaafe50000 - 0x00007ffaaff27000 	F:\sdad\Vivado\2017.4\lib\win64.o\librdi_runsbase.dll
0x00007ffa8af90000 - 0x00007ffa8d035000 	F:\sdad\Vivado\2017.4\lib\win64.o\librdi_place.dll
0x00007ffa88dc0000 - 0x00007ffa88f78000 	F:\sdad\Vivado\2017.4\lib\win64.o\librdi_simdata.dll
0x00007ffa88130000 - 0x00007ffa88db3000 	F:\sdad\Vivado\2017.4\lib\win64.o\librdi_timing.dll
0x00007ffa8d4e0000 - 0x00007ffa90981000 	F:\sdad\Vivado\2017.4\lib\win64.o\librdi_mig.dll
0x00007ffab84a0000 - 0x00007ffab84ec000 	F:\sdad\Vivado\2017.4\lib\win64.o\libboost_serialization.dll
0x00007ffab79b0000 - 0x00007ffab7a1b000 	F:\sdad\Vivado\2017.4\lib\win64.o\librdi_hip_devdesign.dll
0x00007ffab7740000 - 0x00007ffab7782000 	F:\sdad\Vivado\2017.4\lib\win64.o\librdi_ipconfig_readwrite.dll
0x00007ffac50f0000 - 0x00007ffac511f000 	F:\sdad\Vivado\2017.4\lib\win64.o\librdi_noc_frameworks.dll
0x00007ffa87f80000 - 0x00007ffa8812b000 	F:\sdad\Vivado\2017.4\lib\win64.o\librdi_nocdb.dll
0x00007ffa87db0000 - 0x00007ffa87f77000 	F:\sdad\Vivado\2017.4\lib\win64.o\librdi_noctools.dll
0x00007ffa872f0000 - 0x00007ffa87da3000 	F:\sdad\Vivado\2017.4\lib\win64.o\libverific.dll
0x00007ffa86da0000 - 0x00007ffa872ee000 	F:\sdad\Vivado\2017.4\lib\win64.o\librdi_xdm.dll
0x00007ffab6940000 - 0x00007ffab69de000 	F:\sdad\Vivado\2017.4\lib\win64.o\libise.dll
0x00007ffab1160000 - 0x00007ffab11a6000 	F:\sdad\Vivado\2017.4\lib\win64.o\librdi_wavedata_SimpleApi.dll

VM Arguments:
jvm_args: -Dsun.java2d.pmoffscreen=false -Dsun.java2d.xrender=false -Dsun.java2d.d3d=false -Dsun.awt.nopixfmt=true -Xverify:none -Dswing.aatext=true -XX:-UsePerfData -Djdk.map.althashing.threshold=512 -XX:StringTableSize=4072 -XX:NewSize=60m -XX:MaxNewSize=60m -Xms128m -Xmx3072m -Xss5m 
java_command: <unknown>
java_class_path (initial): F:/sdad/Vivado/2017.4\lib\classes\alloy.jar;F:/sdad/Vivado/2017.4\lib\classes\autopilot.scelaborator.jar;F:/sdad/Vivado/2017.4\lib\classes\autopilot.sourceprocessor.jar;F:/sdad/Vivado/2017.4\lib\classes\autopilot.tbprocessor.jar;F:/sdad/Vivado/2017.4\lib\classes\batik-anim.jar;F:/sdad/Vivado/2017.4\lib\classes\batik-awt-util.jar;F:/sdad/Vivado/2017.4\lib\classes\batik-bridge.jar;F:/sdad/Vivado/2017.4\lib\classes\batik-codec.jar;F:/sdad/Vivado/2017.4\lib\classes\batik-css.jar;F:/sdad/Vivado/2017.4\lib\classes\batik-dom.jar;F:/sdad/Vivado/2017.4\lib\classes\batik-ext.jar;F:/sdad/Vivado/2017.4\lib\classes\batik-gui-util.jar;F:/sdad/Vivado/2017.4\lib\classes\batik-gvt.jar;F:/sdad/Vivado/2017.4\lib\classes\batik-parser.jar;F:/sdad/Vivado/2017.4\lib\classes\batik-script.jar;F:/sdad/Vivado/2017.4\lib\classes\batik-svg-dom.jar;F:/sdad/Vivado/2017.4\lib\classes\batik-swing.jar;F:/sdad/Vivado/2017.4\lib\classes\batik-transcoder.jar;F:/sdad/Vivado/2017.4\lib\classes\batik-util.jar;F:/sdad/Vivado/2017.4\lib\classes\batik-xml.jar;F:/sdad/Vivado/2017.4\lib\classes\com.ibm.icu_4.4.2.v20110208.jar;F:/sdad/Vivado/2017.4\lib\classes\commons-math-2.2.jar;F:/sdad/Vivado/2017.4\lib\classes\dom4j-1.6.1.jar;F:/sdad/Vivado/2017.4\lib\classes\guava-18.0.jar;F:/sdad/Vivado/2017.4\lib\classes\help.jar;F:/sdad/Vivado/2017.4\lib\classes\hsqldb.jar;F:/sdad/Vivado/2017.4\lib\classes\jargs.jar;F:/sdad/Vivado/2017.4\lib\classes\jh.jar;F:/sdad/Vivado/2017.4\lib\classes\jide-action.jar;F:/sdad/Vivado/2017.4\lib\classes\jide-charts.jar;F:/sdad/Vivado/2017.4\lib\classes\jide-common.jar;F:/sdad/Vivado/2017.4\lib\classes\jide-components.jar;F:/sdad/Vivado/2017.4\lib\classes\jide-dashboard.jar;F:/sdad/Vivado/2017.4\lib\classes\jide-data.jar;F:/sdad/Vivado/2017.4\lib\classes\jide-dialogs.jar;F:/sdad/Vivado/2017.4\lib\classes\jide-diff.jar;F:/sdad/Vivado/2017.4\lib\classes\jide-dock.jar;F:/sdad/Vivado/2017.4\lib\classes\jide-editor.jar;F:/sdad/Vivado/2017.4\lib\classes\jide-gant
Launcher Type: generic

Environment Variables:
PATH=F:/sdad/Vivado/2017.4/bin;F:/sdad/Vivado/2017.4/lib/win64.o;F:/sdad/Vivado/2017.4/tps/win64/jre/bin/server;F:/sdad/Vivado/2017.4/tps/win64/jre/bin;F:/sdad/Vivado/2017.4/ids_lite/ISE/bin/nt64;F:/sdad/Vivado/2017.4/ids_lite/ISE/lib/nt64;C:\Program Files (x86)\Common Files\Oracle\Java\javapath;C:\Program Files (x86)\Intel\Intel(R) Management Engine Components\iCLS\;C:\Program Files\Intel\Intel(R) Management Engine Components\iCLS\;C:\windows\system32;C:\windows;C:\windows\System32\Wbem;C:\windows\System32\WindowsPowerShell\v1.0\;C:\windows\System32\OpenSSH\;C:\Program Files (x86)\Intel\Intel(R) Management Engine Components\DAL;C:\Program Files\Intel\Intel(R) Management Engine Components\DAL;C:\Program Files (x86)\Intel\Intel(R) Management Engine Components\IPT;C:\Program Files\Intel\Intel(R) Management Engine Components\IPT;C:\Program Files (x86)\NVIDIA Corporation\PhysX\Common;C:\Program Files\NVIDIA Corporation\NVIDIA NvDLISR;C:\Program Files\Java\jdk1.8.0_221\bin;C:\Program Files\dotnet\;C:\Users\12321\AppData\Local\Microsoft\WindowsApps;;F:\JAVA2\IntelliJ IDEA Community Edition 2019.3.3\bin;C:\Users\12321\.dotnet\tools;F:\Êý¾Ý¿â\DataGrip 2020.2.2\bin;F:/sdad/Vivado/2017.4\tps\mingw\6.2.0\win64.o\nt\bin;F:/sdad/Vivado/2017.4\tps\mingw\6.2.0\win64.o\nt\libexec\gcc\x86_64-w64-mingw32\6.2.0
USERNAME=12321
OS=Windows_NT
PROCESSOR_IDENTIFIER=Intel64 Family 6 Model 158 Stepping 10, GenuineIntel



---------------  S Y S T E M  ---------------

OS: Windows 10.0 , 64 bit Build 18362 (10.0.18362.1110)

CPU:total 12 (6 cores per cpu, 2 threads per core) family 6 model 158 stepping 10, cmov, cx8, fxsr, mmx, sse, sse2, sse3, ssse3, sse4.1, sse4.2, popcnt, avx, avx2, aes, clmul, erms, 3dnowpref, lzcnt, ht, tsc, tscinvbit, bmi1, bmi2, adx

Memory: 4k page, physical 8305908k(2633520k free), swap 12762356k(2550008k free)

vm_info: Java HotSpot(TM) 64-Bit Server VM (25.112-b15) for windows-amd64 JRE (1.8.0_112-b15), built on Sep 22 2016 21:31:56 by "java_re" with MS VC++ 10.0 (VS2010)

time: Thu Dec 03 17:58:19 2020
elapsed time: 973 seconds (0d 0h 16m 13s)

