#-----------------------------------------------------------
# Vivado v2020.1 (64-bit)
# SW Build 2902540 on Wed May 27 19:54:49 MDT 2020
# IP Build 2902112 on Wed May 27 22:43:36 MDT 2020
# Start of session at: Fri Dec 25 15:57:37 2020
# Process ID: 12680
# Current directory: G:/project/GPU/project_2
# Command line: vivado.exe -gui_launcher_event rodinguilauncherevent17176 G:\project\GPU\project_2\project_2.xpr
# Log file: G:/project/GPU/project_2/vivado.log
# Journal file: G:/project/GPU/project_2\vivado.jou
#-----------------------------------------------------------
start_gui
open_project G:/project/GPU/project_2/project_2.xpr
INFO: [Project 1-313] Project file moved from 'C:/Users/12321/Desktop/project_2' since last save.
CRITICAL WARNING: [Project 1-311] Could not find the file 'G:/project/GPU/sources_1/new/VGA_top.v', nor could it be found using path 'C:/Users/12321/Desktop/sources_1/new/VGA_top.v'.
CRITICAL WARNING: [Project 1-311] Could not find the file 'G:/project/GPU/sources_1/new/apple.v', nor could it be found using path 'C:/Users/12321/Desktop/sources_1/new/apple.v'.
CRITICAL WARNING: [Project 1-311] Could not find the file 'G:/project/GPU/sources_1/new/control.v', nor could it be found using path 'C:/Users/12321/Desktop/sources_1/new/control.v'.
CRITICAL WARNING: [Project 1-311] Could not find the file 'G:/project/GPU/sources_1/new/play_snake_game.v', nor could it be found using path 'C:/Users/12321/Desktop/sources_1/new/play_snake_game.v'.
CRITICAL WARNING: [Project 1-311] Could not find the file 'G:/project/GPU/sources_1/new/seg_play.v', nor could it be found using path 'C:/Users/12321/Desktop/sources_1/new/seg_play.v'.
CRITICAL WARNING: [Project 1-311] Could not find the file 'G:/project/GPU/sources_1/new/snake.v', nor could it be found using path 'C:/Users/12321/Desktop/sources_1/new/snake.v'.
Scanning sources...
Finished scanning sources
INFO: [IP_Flow 19-234] Refreshing IP repositories
INFO: [IP_Flow 19-1704] No user IP repositories specified
INFO: [IP_Flow 19-2313] Loaded Vivado IP repository 'E:/vivado/Vivado/2020.1/data/ip'.
WARNING: [IP_Flow 19-2162] IP 'blk_mem_gen_0_1' is locked:
* IP definition 'Block Memory Generator (8.4)' for IP 'blk_mem_gen_0_1' (customized with software release 2017.4) has a different revision in the IP Catalog.
WARNING: [BD 41-1661] One or more IPs have been locked in the design 'design_1.bd'. Please run report_ip_status for more details and recommendations on how to fix this issue.
List of locked IPs:
design_1_blk_mem_gen_0_0

WARNING: [IP_Flow 19-2162] IP 'blk_mem_gen_1' is locked:
* IP definition 'Block Memory Generator (8.4)' for IP 'blk_mem_gen_1' (customized with software release 2017.4) has a different revision in the IP Catalog.
WARNING: [IP_Flow 19-2162] IP 'blk_mem_gen_0' is locked:
* IP definition 'Block Memory Generator (8.4)' for IP 'blk_mem_gen_0' (customized with software release 2017.4) has a different revision in the IP Catalog.
INFO: [Project 1-230] Project 'project_2.xpr' upgraded for this version of Vivado.
open_project: Time (s): cpu = 00:00:11 ; elapsed = 00:00:14 . Memory (MB): peak = 996.555 ; gain = 0.000
report_ip_status -name ip_status 
ruleName {xxv_Ethernet Connection} VLNV xilinx.com:ip:xxv_ethernet:3.2
update_compile_order -fileset sources_1
add_files {G:/project/GPU/project_2/project_2.srcs/sources_1/new/picture2.v G:/project/GPU/project_2/project_2.srcs/sources_1/new/control.v G:/project/GPU/project_2/project_2.srcs/sources_1/new/snake.v G:/project/GPU/project_2/project_2.srcs/sources_1/new/test.v G:/project/GPU/project_2/project_2.srcs/sources_1/new/uart.v G:/project/GPU/project_2/project_2.srcs/sources_1/new/square.v G:/project/GPU/project_2/project_2.srcs/sources_1/new/uart2.v G:/project/GPU/project_2/project_2.srcs/sources_1/new/circular.v G:/project/GPU/project_2/project_2.srcs/sources_1/new/square_2.v G:/project/GPU/project_2/project_2.srcs/sources_1/new/belt.v G:/project/GPU/project_2/project_2.srcs/sources_1/new/canvas.v G:/project/GPU/project_2/project_2.srcs/sources_1/new/VGA_top.v G:/project/GPU/project_2/project_2.srcs/sources_1/new/VGA_top1.v G:/project/GPU/project_2/project_2.srcs/sources_1/new/vga.v G:/project/GPU/project_2/project_2.srcs/sources_1/new/play_snake_game.v G:/project/GPU/project_2/project_2.srcs/sources_1/new/apple.v G:/project/GPU/project_2/project_2.srcs/sources_1/new/Triangle.v G:/project/GPU/project_2/project_2.srcs/sources_1/new/Line2.v G:/project/GPU/project_2/project_2.srcs/sources_1/new/ribbon.v G:/project/GPU/project_2/project_2.srcs/sources_1/new/vga_driver.v G:/project/GPU/project_2/project_2.srcs/sources_1/new/picture.v G:/project/GPU/project_2/project_2.srcs/sources_1/new/seg_play.v G:/project/GPU/project_2/project_2.srcs/sources_1/new/top.v G:/project/GPU/project_2/project_2.srcs/sources_1/new/LEDOUT.v G:/project/GPU/project_2/project_2.srcs/sources_1/new/Line.v G:/project/GPU/project_2/project_2.srcs/sources_1/new/point.v G:/project/GPU/project_2/project_2.srcs/sources_1/new/rectangular.v}
WARNING: [filemgmt 56-12] File 'G:/project/GPU/project_2/project_2.srcs/sources_1/new/picture2.v' cannot be added to the project because it already exists in the project, skipping this file
WARNING: [filemgmt 56-12] File 'G:/project/GPU/project_2/project_2.srcs/sources_1/new/test.v' cannot be added to the project because it already exists in the project, skipping this file
WARNING: [filemgmt 56-12] File 'G:/project/GPU/project_2/project_2.srcs/sources_1/new/uart.v' cannot be added to the project because it already exists in the project, skipping this file
WARNING: [filemgmt 56-12] File 'G:/project/GPU/project_2/project_2.srcs/sources_1/new/uart2.v' cannot be added to the project because it already exists in the project, skipping this file
WARNING: [filemgmt 56-12] File 'G:/project/GPU/project_2/project_2.srcs/sources_1/new/circular.v' cannot be added to the project because it already exists in the project, skipping this file
WARNING: [filemgmt 56-12] File 'G:/project/GPU/project_2/project_2.srcs/sources_1/new/belt.v' cannot be added to the project because it already exists in the project, skipping this file
WARNING: [filemgmt 56-12] File 'G:/project/GPU/project_2/project_2.srcs/sources_1/new/canvas.v' cannot be added to the project because it already exists in the project, skipping this file
WARNING: [filemgmt 56-12] File 'G:/project/GPU/project_2/project_2.srcs/sources_1/new/VGA_top1.v' cannot be added to the project because it already exists in the project, skipping this file
WARNING: [filemgmt 56-12] File 'G:/project/GPU/project_2/project_2.srcs/sources_1/new/vga.v' cannot be added to the project because it already exists in the project, skipping this file
WARNING: [filemgmt 56-12] File 'G:/project/GPU/project_2/project_2.srcs/sources_1/new/Triangle.v' cannot be added to the project because it already exists in the project, skipping this file
WARNING: [filemgmt 56-12] File 'G:/project/GPU/project_2/project_2.srcs/sources_1/new/Line2.v' cannot be added to the project because it already exists in the project, skipping this file
WARNING: [filemgmt 56-12] File 'G:/project/GPU/project_2/project_2.srcs/sources_1/new/ribbon.v' cannot be added to the project because it already exists in the project, skipping this file
WARNING: [filemgmt 56-12] File 'G:/project/GPU/project_2/project_2.srcs/sources_1/new/picture.v' cannot be added to the project because it already exists in the project, skipping this file
WARNING: [filemgmt 56-12] File 'G:/project/GPU/project_2/project_2.srcs/sources_1/new/top.v' cannot be added to the project because it already exists in the project, skipping this file
WARNING: [filemgmt 56-12] File 'G:/project/GPU/project_2/project_2.srcs/sources_1/new/LEDOUT.v' cannot be added to the project because it already exists in the project, skipping this file
WARNING: [filemgmt 56-12] File 'G:/project/GPU/project_2/project_2.srcs/sources_1/new/Line.v' cannot be added to the project because it already exists in the project, skipping this file
WARNING: [filemgmt 56-12] File 'G:/project/GPU/project_2/project_2.srcs/sources_1/new/point.v' cannot be added to the project because it already exists in the project, skipping this file
WARNING: [filemgmt 56-12] File 'G:/project/GPU/project_2/project_2.srcs/sources_1/new/rectangular.v' cannot be added to the project because it already exists in the project, skipping this file
update_compile_order -fileset sources_1
export_ip_user_files -of_objects  [get_files G:/project/GPU/sources_1/new/VGA_top.v] -no_script -reset -force -quiet
export_ip_user_files -of_objects  [get_files G:/project/GPU/sources_1/new/apple.v] -no_script -reset -force -quiet
export_ip_user_files -of_objects  [get_files G:/project/GPU/sources_1/new/control.v] -no_script -reset -force -quiet
export_ip_user_files -of_objects  [get_files G:/project/GPU/sources_1/new/play_snake_game.v] -no_script -reset -force -quiet
export_ip_user_files -of_objects  [get_files G:/project/GPU/sources_1/new/seg_play.v] -no_script -reset -force -quiet
export_ip_user_files -of_objects  [get_files G:/project/GPU/sources_1/new/snake.v] -no_script -reset -force -quiet
remove_files  {G:/project/GPU/sources_1/new/VGA_top.v G:/project/GPU/sources_1/new/apple.v G:/project/GPU/sources_1/new/control.v G:/project/GPU/sources_1/new/play_snake_game.v G:/project/GPU/sources_1/new/seg_play.v G:/project/GPU/sources_1/new/snake.v}
exit
INFO: [Common 17-206] Exiting Vivado at Fri Dec 25 16:01:32 2020...
