#-----------------------------------------------------------
# Vivado v2017.4 (64-bit)
# SW Build 2086221 on Fri Dec 15 20:55:39 MST 2017
# IP Build 2085800 on Fri Dec 15 22:25:07 MST 2017
# Start of session at: Mon Dec 21 01:13:04 2020
# Process ID: 19908
# Current directory: C:/Users/12321/Desktop/project_2
# Command line: vivado.exe -gui_launcher_event rodinguilauncherevent15080 C:\Users\12321\Desktop\project_2\project_2.xpr
# Log file: C:/Users/12321/Desktop/project_2/vivado.log
# Journal file: C:/Users/12321/Desktop/project_2\vivado.jou
#-----------------------------------------------------------
start_gui
open_project C:/Users/12321/Desktop/project_2/project_2.xpr
CRITICAL WARNING: [Project 1-19] Could not find the file 'C:/Users/12321/Desktop/draw_top.v'.
Scanning sources...
Finished scanning sources
INFO: [IP_Flow 19-234] Refreshing IP repositories
INFO: [IP_Flow 19-1704] No user IP repositories specified
INFO: [IP_Flow 19-2313] Loaded Vivado IP repository 'F:/sdad/Vivado/2017.4/data/ip'.
open_project: Time (s): cpu = 00:00:13 ; elapsed = 00:00:06 . Memory (MB): peak = 789.188 ; gain = 68.371
update_compile_order -fileset sources_1
reset_run synth_1
launch_runs synth_1 -jobs 12
INFO: [Vivado 12-4149] The synthesis checkpoint for IP 'C:/Users/12321/Desktop/project_2/project_2.srcs/sources_1/ip/blk_mem_gen_0_1_1/blk_mem_gen_0_1.xci' is already up-to-date
[Mon Dec 21 02:45:33 2020] Launched synth_1...
Run output will be captured here: C:/Users/12321/Desktop/project_2/project_2.runs/synth_1/runme.log
launch_runs impl_1 -jobs 12
INFO: [Vivado 12-4149] The synthesis checkpoint for IP 'C:/Users/12321/Desktop/project_2/project_2.srcs/sources_1/ip/blk_mem_gen_0_1_1/blk_mem_gen_0_1.xci' is already up-to-date
[Mon Dec 21 02:47:10 2020] Launched impl_1...
Run output will be captured here: C:/Users/12321/Desktop/project_2/project_2.runs/impl_1/runme.log
reset_run synth_1
launch_runs synth_1 -jobs 12
INFO: [Vivado 12-4149] The synthesis checkpoint for IP 'C:/Users/12321/Desktop/project_2/project_2.srcs/sources_1/ip/blk_mem_gen_0_1_1/blk_mem_gen_0_1.xci' is already up-to-date
[Mon Dec 21 02:59:07 2020] Launched synth_1...
Run output will be captured here: C:/Users/12321/Desktop/project_2/project_2.runs/synth_1/runme.log
open_run synth_1 -name synth_1
Design is defaulting to impl run constrset: constrs_1
Design is defaulting to synth run part: xc7a100tfgg484-1
INFO: [Project 1-454] Reading design checkpoint 'c:/Users/12321/Desktop/project_2/project_2.srcs/sources_1/ip/blk_mem_gen_0_1_1/blk_mem_gen_0_1.dcp' for cell 'ip/u_ip_simple_ram0'
INFO: [Project 1-454] Reading design checkpoint 'c:/Users/12321/Desktop/project_2/project_2.srcs/sources_1/ip/blk_mem_gen_1/blk_mem_gen_1.dcp' for cell 'ip/ip/u_ip_simple_ram'
INFO: [Netlist 29-17] Analyzing 3469 Unisim elements for replacement
INFO: [Netlist 29-28] Unisim Transformation completed in 0 CPU seconds
INFO: [Project 1-479] Netlist was created with Vivado 2017.4
INFO: [Device 21-403] Loading part xc7a100tfgg484-1
INFO: [Project 1-570] Preparing netlist for logic optimization
Parsing XDC File [C:/Users/12321/Desktop/project_2/project_2.srcs/constrs_1/new/con1.xdc]
Finished Parsing XDC File [C:/Users/12321/Desktop/project_2/project_2.srcs/constrs_1/new/con1.xdc]
INFO: [Common 17-41] Interrupt caught. Command should exit soon.
INFO: [Opt 31-138] Pushed 0 inverter(s) to 0 load pin(s).
open_run: Time (s): cpu = 00:00:11 ; elapsed = 00:00:10 . Memory (MB): peak = 1249.508 ; gain = 377.305
INFO: [Common 17-344] 'open_run' was cancelled
launch_runs impl_1 -jobs 12
INFO: [Vivado 12-4149] The synthesis checkpoint for IP 'C:/Users/12321/Desktop/project_2/project_2.srcs/sources_1/ip/blk_mem_gen_0_1_1/blk_mem_gen_0_1.xci' is already up-to-date
[Mon Dec 21 03:00:36 2020] Launched impl_1...
Run output will be captured here: C:/Users/12321/Desktop/project_2/project_2.runs/impl_1/runme.log
exit
INFO: [Common 17-206] Exiting Vivado at Mon Dec 21 03:02:57 2020...
