#-----------------------------------------------------------
# Vivado v2017.4 (64-bit)
# SW Build 2086221 on Fri Dec 15 20:55:39 MST 2017
# IP Build 2085800 on Fri Dec 15 22:25:07 MST 2017
# Start of session at: Mon Dec 21 20:49:53 2020
# Process ID: 2096
# Current directory: C:/Users/12321/Desktop/project_2
# Command line: vivado.exe -gui_launcher_event rodinguilauncherevent14220 C:\Users\12321\Desktop\project_2\project_2.xpr
# Log file: C:/Users/12321/Desktop/project_2/vivado.log
# Journal file: C:/Users/12321/Desktop/project_2\vivado.jou
#-----------------------------------------------------------
start_gui
open_project C:/Users/12321/Desktop/project_2/project_2.xpr
Scanning sources...
Finished scanning sources
INFO: [IP_Flow 19-234] Refreshing IP repositories
INFO: [IP_Flow 19-1704] No user IP repositories specified
INFO: [IP_Flow 19-2313] Loaded Vivado IP repository 'F:/sdad/Vivado/2017.4/data/ip'.
open_project: Time (s): cpu = 00:00:12 ; elapsed = 00:00:05 . Memory (MB): peak = 780.789 ; gain = 60.250
update_compile_order -fileset sources_1
open_hw
connect_hw_server
INFO: [Labtools 27-2285] Connecting to hw_server url TCP:localhost:3121
INFO: [Labtools 27-2222] Launching hw_server...
INFO: [Labtools 27-2221] Launch Output:

****** Xilinx hw_server v2017.4
  **** Build date : Dec 15 2017-21:08:27
    ** Copyright 1986-2017 Xilinx, Inc. All Rights Reserved.


open_hw_target
INFO: [Labtoolstcl 44-466] Opening hw_target localhost:3121/xilinx_tcf/Xilinx/1234-tulA
set_property PROGRAM.FILE {C:/Users/12321/Desktop/project_2/project_2.runs/impl_1/top.bit} [get_hw_devices xc7a100t_0]
current_hw_device [get_hw_devices xc7a100t_0]
refresh_hw_device -update_hw_probes false [lindex [get_hw_devices xc7a100t_0] 0]
INFO: [Labtools 27-1434] Device xc7a100t (JTAG device index = 0) is programmed with a design that has no supported debug core(s) in it.
WARNING: [Labtools 27-3361] The debug hub core was not detected.
Resolution: 
1. Make sure the clock connected to the debug hub (dbg_hub) core is a free running clock and is active.
2. Make sure the BSCAN_SWITCH_USER_MASK device property in Vivado Hardware Manager reflects the user scan chain setting in the design and refresh the device.  To determine the user scan chain setting in the design, open the implemented design and use 'get_property C_USER_SCAN_CHAIN [get_debug_cores dbg_hub]'.
For more details on setting the scan chain property, consult the Vivado Debug and Programming User Guide (UG908).
set_property PROBES.FILE {} [get_hw_devices xc7a100t_0]
set_property FULL_PROBES.FILE {} [get_hw_devices xc7a100t_0]
set_property PROGRAM.FILE {C:/Users/12321/Desktop/project_2/project_2.runs/impl_1/top.bit} [get_hw_devices xc7a100t_0]
program_hw_devices [get_hw_devices xc7a100t_0]
INFO: [Labtools 27-3164] End of startup status: HIGH
refresh_hw_device [lindex [get_hw_devices xc7a100t_0] 0]
INFO: [Labtools 27-1434] Device xc7a100t (JTAG device index = 0) is programmed with a design that has no supported debug core(s) in it.
WARNING: [Labtools 27-3361] The debug hub core was not detected.
Resolution: 
1. Make sure the clock connected to the debug hub (dbg_hub) core is a free running clock and is active.
2. Make sure the BSCAN_SWITCH_USER_MASK device property in Vivado Hardware Manager reflects the user scan chain setting in the design and refresh the device.  To determine the user scan chain setting in the design, open the implemented design and use 'get_property C_USER_SCAN_CHAIN [get_debug_cores dbg_hub]'.
For more details on setting the scan chain property, consult the Vivado Debug and Programming User Guide (UG908).
close [ open C:/Users/12321/Desktop/project_2/project_2.srcs/sources_1/new/LEDOUT.v w ]
add_files C:/Users/12321/Desktop/project_2/project_2.srcs/sources_1/new/LEDOUT.v
update_compile_order -fileset sources_1
update_compile_order -fileset sources_1
reset_run synth_1
launch_runs synth_1 -jobs 12
INFO: [Vivado 12-4149] The synthesis checkpoint for IP 'C:/Users/12321/Desktop/project_2/project_2.srcs/sources_1/ip/blk_mem_gen_0_1_1/blk_mem_gen_0_1.xci' is already up-to-date
[Mon Dec 21 21:35:23 2020] Launched synth_1...
Run output will be captured here: C:/Users/12321/Desktop/project_2/project_2.runs/synth_1/runme.log
launch_runs impl_1 -jobs 12
INFO: [Vivado 12-4149] The synthesis checkpoint for IP 'C:/Users/12321/Desktop/project_2/project_2.srcs/sources_1/ip/blk_mem_gen_0_1_1/blk_mem_gen_0_1.xci' is already up-to-date
[Mon Dec 21 21:37:27 2020] Launched impl_1...
Run output will be captured here: C:/Users/12321/Desktop/project_2/project_2.runs/impl_1/runme.log
launch_runs impl_1 -to_step write_bitstream -jobs 12
INFO: [Vivado 12-4149] The synthesis checkpoint for IP 'C:/Users/12321/Desktop/project_2/project_2.srcs/sources_1/ip/blk_mem_gen_0_1_1/blk_mem_gen_0_1.xci' is already up-to-date
[Mon Dec 21 21:43:39 2020] Launched impl_1...
Run output will be captured here: C:/Users/12321/Desktop/project_2/project_2.runs/impl_1/runme.log
set_property PROBES.FILE {} [get_hw_devices xc7a100t_0]
set_property FULL_PROBES.FILE {} [get_hw_devices xc7a100t_0]
set_property PROGRAM.FILE {C:/Users/12321/Desktop/project_2/project_2.runs/impl_1/top.bit} [get_hw_devices xc7a100t_0]
program_hw_devices [get_hw_devices xc7a100t_0]
INFO: [Labtools 27-3164] End of startup status: HIGH
refresh_hw_device [lindex [get_hw_devices xc7a100t_0] 0]
INFO: [Labtools 27-1434] Device xc7a100t (JTAG device index = 0) is programmed with a design that has no supported debug core(s) in it.
WARNING: [Labtools 27-3361] The debug hub core was not detected.
Resolution: 
1. Make sure the clock connected to the debug hub (dbg_hub) core is a free running clock and is active.
2. Make sure the BSCAN_SWITCH_USER_MASK device property in Vivado Hardware Manager reflects the user scan chain setting in the design and refresh the device.  To determine the user scan chain setting in the design, open the implemented design and use 'get_property C_USER_SCAN_CHAIN [get_debug_cores dbg_hub]'.
For more details on setting the scan chain property, consult the Vivado Debug and Programming User Guide (UG908).
reset_run synth_1
launch_runs synth_1 -jobs 12
INFO: [Vivado 12-4149] The synthesis checkpoint for IP 'C:/Users/12321/Desktop/project_2/project_2.srcs/sources_1/ip/blk_mem_gen_0_1_1/blk_mem_gen_0_1.xci' is already up-to-date
[Mon Dec 21 21:56:23 2020] Launched synth_1...
Run output will be captured here: C:/Users/12321/Desktop/project_2/project_2.runs/synth_1/runme.log
launch_runs impl_1 -jobs 12
INFO: [Vivado 12-4149] The synthesis checkpoint for IP 'C:/Users/12321/Desktop/project_2/project_2.srcs/sources_1/ip/blk_mem_gen_0_1_1/blk_mem_gen_0_1.xci' is already up-to-date
[Mon Dec 21 21:58:35 2020] Launched impl_1...
Run output will be captured here: C:/Users/12321/Desktop/project_2/project_2.runs/impl_1/runme.log
open_run impl_1
INFO: [Netlist 29-17] Analyzing 3527 Unisim elements for replacement
INFO: [Netlist 29-28] Unisim Transformation completed in 0 CPU seconds
INFO: [Project 1-479] Netlist was created with Vivado 2017.4
INFO: [Device 21-403] Loading part xc7a100tfgg484-1
INFO: [Project 1-570] Preparing netlist for logic optimization
Parsing XDC File [C:/Users/12321/Desktop/project_2/.Xil/Vivado-2096-LAPTOP-2METBDBE/dcp8/top.xdc]
Finished Parsing XDC File [C:/Users/12321/Desktop/project_2/.Xil/Vivado-2096-LAPTOP-2METBDBE/dcp8/top.xdc]
Reading XDEF placement.
Reading placer database...
Reading XDEF routing.
Read XDEF File: Time (s): cpu = 00:00:03 ; elapsed = 00:00:02 . Memory (MB): peak = 1855.723 ; gain = 34.465
Restored from archive | CPU: 3.000000 secs | Memory: 0.000000 MB |
Finished XDEF File Restore: Time (s): cpu = 00:00:03 ; elapsed = 00:00:02 . Memory (MB): peak = 1855.723 ; gain = 34.465
INFO: [Project 1-111] Unisim Transformation Summary:
No Unisim elements were transformed.

open_run: Time (s): cpu = 00:00:35 ; elapsed = 00:00:22 . Memory (MB): peak = 1980.715 ; gain = 536.730
open_report: Time (s): cpu = 00:00:14 ; elapsed = 00:00:05 . Memory (MB): peak = 2103.477 ; gain = 103.383
WARNING: [Timing 38-313] There are no user specified timing constraints. Timing constraints are needed for proper timing analysis.
ERROR: [Labtoolstcl 44-513] HW Target shutdown. Closing target: localhost:3121/xilinx_tcf/Xilinx/1234-tulA
disconnect_hw_server localhost:3121
connect_hw_server
INFO: [Labtools 27-2285] Connecting to hw_server url TCP:localhost:3121
connect_hw_server: Time (s): cpu = 00:00:01 ; elapsed = 00:00:30 . Memory (MB): peak = 2514.797 ; gain = 0.035
open_hw_target
INFO: [Labtoolstcl 44-466] Opening hw_target localhost:3121/xilinx_tcf/Xilinx/1234-tulA
ERROR: [Labtools 27-3133] Error while setting target JTAG Clock Frequency.
disconnect_hw_server localhost:3121
connect_hw_server
INFO: [Labtools 27-2285] Connecting to hw_server url TCP:localhost:3121
